#
# A fatal error has been detected by the Java Runtime Environment:
#
#  EXCEPTION_UNCAUGHT_CXX_EXCEPTION (0xe06d7363) at pc=0x00007ffae446cf19, pid=18416, tid=16108
#
# JRE version: OpenJDK Runtime Environment (21.0.1+12) (build 21.0.1+12-29)
# Java VM: OpenJDK 64-Bit Server VM (21.0.1+12-29, mixed mode, sharing, tiered, compressed oops, compressed class ptrs, g1 gc, windows-amd64)
# Problematic frame:
# C  [KERNELBASE.dll+0x2cf19]
#
# No core dump will be written. Minidumps are not enabled by default on client versions of Windows
#
# If you would like to submit a bug report, please visit:
#   https://bugreport.java.com/bugreport/crash.jsp
#

---------------  S U M M A R Y ------------

Command Line: -javaagent:C:\Program Files\JetBrains\IntelliJ IDEA 2023.2.2\lib\idea_rt.jar=63298:C:\Program Files\JetBrains\IntelliJ IDEA 2023.2.2\bin -Dfile.encoding=UTF-8 -Dsun.stdout.encoding=UTF-8 -Dsun.stderr.encoding=UTF-8 App

Host: 11th Gen Intel(R) Core(TM) i3-1115G4 @ 3.00GHz, 4 cores, 7G,  Windows 10 , 64 bit Build 19041 (10.0.19041.3636)
Time: Sun Dec 10 10:22:23 2023 Hora padrão de GMT elapsed time: 15.203293 seconds (0d 0h 0m 15s)

---------------  T H R E A D  ---------------

Current thread (0x0000021faf6a0680):  VMThread "VM Thread"          [id=16108, stack(0x0000008035000000,0x0000008035100000) (1024K)]

Stack: [0x0000008035000000,0x0000008035100000],  sp=0x00000080350fef40,  free space=1019k
Native frames: (J=compiled Java code, j=interpreted, Vv=VM code, C=native code)
C  [KERNELBASE.dll+0x2cf19]
C  [VCRUNTIME140.dll+0x66c0]
C  [pteidlibj.dll+0x5111e]


siginfo: EXCEPTION_UNCAUGHT_CXX_EXCEPTION (0xe06d7363), ExceptionInformation=0x0000000019930520 0x00000080350ff0a8 0x000000018007dd90 0x0000000180000000 


Registers:
RAX=0x0000000000000000, RBX=0x000000018007dd90, RCX=0x30000080350feb00, RDX=0x00000080350fe2d0
RSP=0x00000080350fef40, RBP=0x0000021ff52a5e88, RSI=0x00000080350ff0a8, RDI=0x0000000019930520
R8 =0x00007ffa7f4a7fa9, R9 =0x0000000000000000, R10=0x00007ffa7f3beb8c, R11=0x0000000000000000
R12=0x000000018002e5ac, R13=0x00007ffa7fa41fa0, R14=0x00000080350ff1b8, R15=0x0000021ff52a5e60
RIP=0x00007ffae446cf19, EFLAGS=0x0000000000000206


Register to memory mapping:

RAX=0x0 is null
RBX=0x000000018007dd90 pteidlibj.dll
RCX=0x30000080350feb00 is an unknown value
RDX=0x00000080350fe2d0 points into unknown readable memory: 0x6f4e202020202020 | 20 20 20 20 20 20 4e 6f
RSP=0x00000080350fef40 points into unknown readable memory: 0x0000000000000000 | 00 00 00 00 00 00 00 00
RBP=0x0000021ff52a5e88 points into unknown readable memory: 0x0000cff270957aee | ee 7a 95 70 f2 cf 00 00
RSI=0x00000080350ff0a8 points into unknown readable memory: 0x0000000180054758 | 58 47 05 80 01 00 00 00
RDI=0x0000000019930520 is an unknown value
R8 =0x00007ffa7f4a7fa9 jvm.dll
R9 =0x0 is null
R10=0x00007ffa7f3beb8c jvm.dll
R11=0x0 is null
R12=0x000000018002e5ac pteidlibj.dll
R13=0x00007ffa7fa41fa0 jvm.dll
R14=0x00000080350ff1b8 points into unknown readable memory: 0x00000080350ff1a0 | a0 f1 0f 35 80 00 00 00
R15=0x0000021ff52a5e60 points into unknown readable memory: 0xb810cff270951aee | ee 1a 95 70 f2 cf 10 b8

Top of Stack: (sp=0x00000080350fef40)
0x00000080350fef40:   0000000000000000 000000018007dd90
0x00000080350fef50:   00000080350ff0a8 00007ffae492f4e8
0x00000080350fef60:   00000001e06d7363 0000000000000000
0x00000080350fef70:   00007ffae446cf19 0000000000000004
0x00000080350fef80:   0000000019930520 00000080350ff0a8
0x00000080350fef90:   000000018007dd90 0000000180000000
0x00000080350fefa0:   00007ffa7fa41fa0 000000018002e5ac
0x00000080350fefb0:   00000080350ff0a8 0000021ff52a5e88
0x00000080350fefc0:   00000080350ff040 00007ffae6b04a5f
0x00000080350fefd0:   0000000019930520 0000008000000000
0x00000080350fefe0:   00007ffae492f4e8 00007ffae492f4e8
0x00000080350feff0:   0000000180097000 0000000180000000
0x00000080350ff000:   0000158a01d4269f 00000080350ff040
0x00000080350ff010:   000000018007dd90 00007ffadd0466c0
0x00000080350ff020:   0000021ff52a5e88 000000018001293d
0x00000080350ff030:   0000000000000000 0000000000000004
0x00000080350ff040:   0000000180000000 0000000019930520
0x00000080350ff050:   00000080350ff0a8 000000018007dd90
0x00000080350ff060:   0000000180000000 0000021ff52a5e60
0x00000080350ff070:   0000cff270957aee 000000018005111e
0x00000080350ff080:   0000000180054770 0000000180095a18
0x00000080350ff090:   0000021ff52a5e70 0000021ff52a5e60
0x00000080350ff0a0:   fffffffffffffffe 0000000180054758
0x00000080350ff0b0:   0000cff2e1d00226 0000021faff8e000
0x00000080350ff0c0:   00000080350ff140 0000000000000000
0x00000080350ff0d0:   000000000000000f 000097854a83bf53
0x00000080350ff0e0:   0000021ff52a5e60 00007ffae48542d6
0x00000080350ff0f0:   0000021ff52a5e78 0000021ff52a5e60
0x00000080350ff100:   0000cff270957aee 00000080350ff1b8
0x00000080350ff110:   fffffffffffffffe 0000000000000000
0x00000080350ff120:   0000000000000001 0000000180000000
0x00000080350ff130:   00000080350ff1a8 00007ffae48541fb 

Instructions: (pc=0x00007ffae446cf19)
0x00007ffae446ce19:   09 00 48 8b 84 24 b8 00 00 00 48 8b 8c 24 b0 05
0x00007ffae446ce29:   00 00 48 33 cc e8 2d 8a 06 00 48 81 c4 c0 05 00
0x00007ffae446ce39:   00 41 5f 41 5e 41 5d 5e 5b c3 cc 48 ff 15 ed 7f
0x00007ffae446ce49:   1b 00 0f 1f 44 00 00 eb b0 cc cc cc cc cc cc cc
0x00007ffae446ce59:   cc cc cc cc cc cc cc 40 53 48 83 ec 30 48 8b d1
0x00007ffae446ce69:   48 8d 4c 24 20 e8 5d 23 00 00 85 c0 74 26 48 8b
0x00007ffae446ce79:   4c 24 28 e8 ef 38 00 00 48 8d 4c 24 20 8b d8 48
0x00007ffae446ce89:   ff 15 f1 79 1b 00 0f 1f 44 00 00 8b c3 48 83 c4
0x00007ffae446ce99:   30 5b c3 cc 83 c8 ff eb f4 cc cc cc cc cc cc cc
0x00007ffae446cea9:   cc cc cc cc cc cc cc 48 81 ec d8 00 00 00 48 8b
0x00007ffae446ceb9:   05 e2 9f 28 00 48 33 c4 48 89 84 24 c0 00 00 00
0x00007ffae446cec9:   48 83 64 24 28 00 48 8d 05 da ff ff ff 83 e2 01
0x00007ffae446ced9:   89 4c 24 20 89 54 24 24 48 89 44 24 30 4d 85 c9
0x00007ffae446cee9:   74 4c b8 0f 00 00 00 48 8d 4c 24 40 44 3b c0 49
0x00007ffae446cef9:   8b d1 44 0f 47 c0 44 89 44 24 38 49 c1 e0 03 e8
0x00007ffae446cf09:   3a 99 08 00 48 8d 4c 24 20 48 ff 15 3f 81 1b 00
0x00007ffae446cf19:   0f 1f 44 00 00 48 8b 8c 24 c0 00 00 00 48 33 cc
0x00007ffae446cf29:   e8 32 89 06 00 48 81 c4 d8 00 00 00 c3 cc 83 64
0x00007ffae446cf39:   24 38 00 eb cf cc cc cc cc cc cc cc cc cc cc cc
0x00007ffae446cf49:   cc cc cc cc cc cc cc 65 48 8b 04 25 30 00 00 00
0x00007ffae446cf59:   8b 40 68 c3 cc cc cc cc cc cc cc cc cc cc cc cc
0x00007ffae446cf69:   cc cc cc cc cc cc cc 48 89 5c 24 10 48 89 74 24
0x00007ffae446cf79:   18 57 41 54 41 55 41 56 41 57 48 81 ec b0 02 00
0x00007ffae446cf89:   00 48 8b 05 0f 9f 28 00 48 33 c4 48 89 84 24 a0
0x00007ffae446cf99:   02 00 00 48 8d 15 0f e6 1b 00 48 85 c9 48 0f 45
0x00007ffae446cfa9:   d1 48 89 94 24 80 00 00 00 48 83 c8 ff 48 ff c0
0x00007ffae446cfb9:   80 3c 02 00 75 f7 48 ff c0 48 89 84 24 88 00 00
0x00007ffae446cfc9:   00 48 89 94 24 90 00 00 00 4c 8d 8c 24 88 00 00
0x00007ffae446cfd9:   00 33 d2 b9 06 00 01 40 44 8d 42 02 e8 c6 fe ff
0x00007ffae446cfe9:   ff e9 f0 01 00 00 33 f6 48 89 74 24 60 45 33 ff
0x00007ffae446cff9:   4c 89 7c 24 48 45 33 f6 4c 89 74 24 58 33 ff 48
0x00007ffae446d009:   89 7c 24 50 e8 3e ff ff ff 89 44 24 40 48 39 35 


Stack slot to memory mapping:

stack at sp + 0 slots: 0x0 is null
stack at sp + 1 slots: 0x000000018007dd90 pteidlibj.dll
stack at sp + 2 slots: 0x00000080350ff0a8 points into unknown readable memory: 0x0000000180054758 | 58 47 05 80 01 00 00 00
stack at sp + 3 slots: 0x00007ffae492f4e8 ucrtbase.dll
stack at sp + 4 slots: 0x00000001e06d7363 is an unknown value
stack at sp + 5 slots: 0x0 is null
stack at sp + 6 slots: 0x00007ffae446cf19 KERNELBASE.dll
stack at sp + 7 slots: 0x0000000000000004 is an unknown value

VM_Operation (0x00000080364fecd0): Exit, mode: safepoint, requested by thread 0x0000021ff5499ea0


---------------  P R O C E S S  ---------------

Threads class SMR info:
_java_thread_list=0x0000021fafb05220, length=14, elements={
0x0000021f918888c0, 0x0000021faf6c1650, 0x0000021faf6c2370, 0x0000021faf6c5430,
0x0000021faf6c5f80, 0x0000021faf6c8fa0, 0x0000021faf6c9940, 0x0000021faf6dbe50,
0x0000021faf8fd2a0, 0x0000021faf9d5db0, 0x0000021faf9d6420, 0x0000021ff52ad540,
0x0000021ff52d7d60, 0x0000021ff5499ea0
}

Java Threads: ( => current thread )
  0x0000021f918888c0 JavaThread "main"                              [_thread_blocked, id=18264, stack(0x0000008034900000,0x0000008034a00000) (1024K)]
  0x0000021faf6c1650 JavaThread "Reference Handler"          daemon [_thread_blocked, id=16032, stack(0x0000008035100000,0x0000008035200000) (1024K)]
  0x0000021faf6c2370 JavaThread "Finalizer"                  daemon [_thread_blocked, id=7560, stack(0x0000008035200000,0x0000008035300000) (1024K)]
  0x0000021faf6c5430 JavaThread "Attach Listener"            daemon [_thread_blocked, id=8700, stack(0x0000008035400000,0x0000008035500000) (1024K)]
  0x0000021faf6c5f80 JavaThread "Service Thread"             daemon [_thread_blocked, id=11756, stack(0x0000008035500000,0x0000008035600000) (1024K)]
  0x0000021faf6c8fa0 JavaThread "Monitor Deflation Thread"   daemon [_thread_blocked, id=12924, stack(0x0000008035600000,0x0000008035700000) (1024K)]
  0x0000021faf6c9940 JavaThread "C2 CompilerThread0"         daemon [_thread_blocked, id=18028, stack(0x0000008035700000,0x0000008035800000) (1024K)]
  0x0000021faf6dbe50 JavaThread "C1 CompilerThread0"         daemon [_thread_blocked, id=20944, stack(0x0000008035800000,0x0000008035900000) (1024K)]
  0x0000021faf8fd2a0 JavaThread "Common-Cleaner"             daemon [_thread_blocked, id=16436, stack(0x0000008035900000,0x0000008035a00000) (1024K)]
  0x0000021faf9d5db0 JavaThread "Monitor Ctrl-Break"         daemon [_thread_in_native, id=4232, stack(0x0000008035a00000,0x0000008035b00000) (1024K)]
  0x0000021faf9d6420 JavaThread "Notification Thread"        daemon [_thread_blocked, id=11168, stack(0x0000008035b00000,0x0000008035c00000) (1024K)]
  0x0000021ff52ad540 JavaThread "Cleaner-0"                  daemon [_thread_blocked, id=18744, stack(0x0000008036000000,0x0000008036100000) (1024K)]
  0x0000021ff52d7d60 JavaThread "Cleanup-SunPKCS11"          daemon [_thread_blocked, id=15440, stack(0x0000008035c00000,0x0000008035d00000) (1024K)]
  0x0000021ff5499ea0 JavaThread "SIGINT handler"             daemon [_thread_blocked, id=14876, stack(0x0000008036400000,0x0000008036500000) (1024K)]
Total: 14

Other Threads:
=>0x0000021faf6a0680 VMThread "VM Thread"                           [id=16108, stack(0x0000008035000000,0x0000008035100000) (1024K)]
  0x0000021f918ddcb0 WorkerThread "GC Thread#0"                     [id=13792, stack(0x0000008034a00000,0x0000008034b00000) (1024K)]
  0x0000021ff55b88b0 WorkerThread "GC Thread#1"                     [id=10992, stack(0x0000008035d00000,0x0000008035e00000) (1024K)]
  0x0000021ff5603b00 WorkerThread "GC Thread#2"                     [id=19220, stack(0x0000008035e00000,0x0000008035f00000) (1024K)]
  0x0000021ff50bd6a0 WorkerThread "GC Thread#3"                     [id=12208, stack(0x0000008035f00000,0x0000008036000000) (1024K)]
  0x0000021f918ee340 ConcurrentGCThread "G1 Main Marker"            terminated
  0x0000021f91859f50 WorkerThread "G1 Conc#0"                       [id=12524, stack(0x0000008034c00000,0x0000008034d00000) (1024K)]
  0x0000021f91959b90 ConcurrentGCThread "G1 Refine#0"               terminated
  0x0000021faf5617e0 ConcurrentGCThread "G1 Service"                terminated
Total: 9

Threads with active compile tasks:
Total: 0

VM state: at safepoint (shutting down)

VM Mutex/Monitor currently owned by a thread:  ([mutex/lock_event])
[0x00007ffa7fa1a5f8] Threads_lock - owner thread: 0x0000021faf6a0680
[0x00007ffa7fa1a6f8] Heap_lock - owner thread: 0x0000021ff5499ea0

Heap address: 0x0000000085800000, size: 1960 MB, Compressed Oops mode: 32-bit

CDS archive(s) mapped at: [0x0000021fb0000000-0x0000021fb0c90000-0x0000021fb0c90000), size 13172736, SharedBaseAddress: 0x0000021fb0000000, ArchiveRelocationMode: 1.
Compressed class space mapped at: 0x0000021fb1000000-0x0000021ff1000000, reserved size: 1073741824
Narrow klass base: 0x0000021fb0000000, Narrow klass shift: 0, Narrow klass range: 0x100000000

GC Precious Log:
 CardTable entry size: 512
 Card Set container configuration: InlinePtr #cards 5 size 8 Array Of Cards #cards 12 size 40 Howl #buckets 4 coarsen threshold 1843 Howl Bitmap #cards 512 size 80 coarsen threshold 460 Card regions per heap region 1 cards per card region 2048
 CPUs: 4 total, 4 available
 Memory: 7834M
 Large Page Support: Disabled
 NUMA Support: Disabled
 Compressed Oops: Enabled (32-bit)
 Heap Region Size: 1M
 Heap Min Capacity: 8M
 Heap Initial Capacity: 124M
 Heap Max Capacity: 1960M
 Pre-touch: Disabled
 Parallel Workers: 4
 Concurrent Workers: 1
 Concurrent Refinement Workers: 4
 Periodic GC: Disabled

Heap:
 garbage-first heap   total 126976K, used 23168K [0x0000000085800000, 0x0000000100000000)
  region size 1024K, 15 young (15360K), 2 survivors (2048K)
 Metaspace       used 4609K, committed 4800K, reserved 1114112K
  class space    used 433K, committed 512K, reserved 1048576K

Heap Regions: E=young(eden), S=young(survivor), O=old, HS=humongous(starts), HC=humongous(continues), CS=collection set, F=free, TAMS=top-at-mark-start, PB=parsable bottom
|   0|0x0000000085800000, 0x0000000085900000, 0x0000000085900000|100%|HS|  |TAMS 0x0000000085800000| PB 0x0000000085800000| Complete 
|   1|0x0000000085900000, 0x0000000085a00000, 0x0000000085a00000|100%|HS|  |TAMS 0x0000000085900000| PB 0x0000000085900000| Complete 
|   2|0x0000000085a00000, 0x0000000085b00000, 0x0000000085b00000|100%| O|  |TAMS 0x0000000085a00000| PB 0x0000000085a00000| Untracked 
|   3|0x0000000085b00000, 0x0000000085c00000, 0x0000000085c00000|100%| O|  |TAMS 0x0000000085b00000| PB 0x0000000085b00000| Untracked 
|   4|0x0000000085c00000, 0x0000000085ca0000, 0x0000000085d00000| 62%| O|  |TAMS 0x0000000085c00000| PB 0x0000000085c00000| Untracked 
|   5|0x0000000085d00000, 0x0000000085e00000, 0x0000000085e00000|100%|HS|  |TAMS 0x0000000085d00000| PB 0x0000000085d00000| Complete 
|   6|0x0000000085e00000, 0x0000000085f00000, 0x0000000085f00000|100%|HS|  |TAMS 0x0000000085e00000| PB 0x0000000085e00000| Complete 
|   7|0x0000000085f00000, 0x0000000086000000, 0x0000000086000000|100%|HS|  |TAMS 0x0000000085f00000| PB 0x0000000085f00000| Complete 
|   8|0x0000000086000000, 0x0000000086100000, 0x0000000086100000|100%|HS|  |TAMS 0x0000000086000000| PB 0x0000000086000000| Complete 
|   9|0x0000000086100000, 0x0000000086100000, 0x0000000086200000|  0%| F|  |TAMS 0x0000000086100000| PB 0x0000000086100000| Untracked 
|  10|0x0000000086200000, 0x0000000086200000, 0x0000000086300000|  0%| F|  |TAMS 0x0000000086200000| PB 0x0000000086200000| Untracked 
|  11|0x0000000086300000, 0x0000000086300000, 0x0000000086400000|  0%| F|  |TAMS 0x0000000086300000| PB 0x0000000086300000| Untracked 
|  12|0x0000000086400000, 0x0000000086400000, 0x0000000086500000|  0%| F|  |TAMS 0x0000000086400000| PB 0x0000000086400000| Untracked 
|  13|0x0000000086500000, 0x0000000086500000, 0x0000000086600000|  0%| F|  |TAMS 0x0000000086500000| PB 0x0000000086500000| Untracked 
|  14|0x0000000086600000, 0x0000000086600000, 0x0000000086700000|  0%| F|  |TAMS 0x0000000086600000| PB 0x0000000086600000| Untracked 
|  15|0x0000000086700000, 0x0000000086700000, 0x0000000086800000|  0%| F|  |TAMS 0x0000000086700000| PB 0x0000000086700000| Untracked 
|  16|0x0000000086800000, 0x0000000086800000, 0x0000000086900000|  0%| F|  |TAMS 0x0000000086800000| PB 0x0000000086800000| Untracked 
|  17|0x0000000086900000, 0x0000000086900000, 0x0000000086a00000|  0%| F|  |TAMS 0x0000000086900000| PB 0x0000000086900000| Untracked 
|  18|0x0000000086a00000, 0x0000000086a00000, 0x0000000086b00000|  0%| F|  |TAMS 0x0000000086a00000| PB 0x0000000086a00000| Untracked 
|  19|0x0000000086b00000, 0x0000000086b00000, 0x0000000086c00000|  0%| F|  |TAMS 0x0000000086b00000| PB 0x0000000086b00000| Untracked 
|  20|0x0000000086c00000, 0x0000000086c00000, 0x0000000086d00000|  0%| F|  |TAMS 0x0000000086c00000| PB 0x0000000086c00000| Untracked 
|  21|0x0000000086d00000, 0x0000000086d00000, 0x0000000086e00000|  0%| F|  |TAMS 0x0000000086d00000| PB 0x0000000086d00000| Untracked 
|  22|0x0000000086e00000, 0x0000000086e00000, 0x0000000086f00000|  0%| F|  |TAMS 0x0000000086e00000| PB 0x0000000086e00000| Untracked 
|  23|0x0000000086f00000, 0x0000000086f00000, 0x0000000087000000|  0%| F|  |TAMS 0x0000000086f00000| PB 0x0000000086f00000| Untracked 
|  24|0x0000000087000000, 0x0000000087000000, 0x0000000087100000|  0%| F|  |TAMS 0x0000000087000000| PB 0x0000000087000000| Untracked 
|  25|0x0000000087100000, 0x0000000087100000, 0x0000000087200000|  0%| F|  |TAMS 0x0000000087100000| PB 0x0000000087100000| Untracked 
|  26|0x0000000087200000, 0x0000000087200000, 0x0000000087300000|  0%| F|  |TAMS 0x0000000087200000| PB 0x0000000087200000| Untracked 
|  27|0x0000000087300000, 0x0000000087300000, 0x0000000087400000|  0%| F|  |TAMS 0x0000000087300000| PB 0x0000000087300000| Untracked 
|  28|0x0000000087400000, 0x0000000087400000, 0x0000000087500000|  0%| F|  |TAMS 0x0000000087400000| PB 0x0000000087400000| Untracked 
|  29|0x0000000087500000, 0x0000000087500000, 0x0000000087600000|  0%| F|  |TAMS 0x0000000087500000| PB 0x0000000087500000| Untracked 
|  30|0x0000000087600000, 0x0000000087600000, 0x0000000087700000|  0%| F|  |TAMS 0x0000000087600000| PB 0x0000000087600000| Untracked 
|  31|0x0000000087700000, 0x0000000087700000, 0x0000000087800000|  0%| F|  |TAMS 0x0000000087700000| PB 0x0000000087700000| Untracked 
|  32|0x0000000087800000, 0x0000000087800000, 0x0000000087900000|  0%| F|  |TAMS 0x0000000087800000| PB 0x0000000087800000| Untracked 
|  33|0x0000000087900000, 0x0000000087900000, 0x0000000087a00000|  0%| F|  |TAMS 0x0000000087900000| PB 0x0000000087900000| Untracked 
|  34|0x0000000087a00000, 0x0000000087a00000, 0x0000000087b00000|  0%| F|  |TAMS 0x0000000087a00000| PB 0x0000000087a00000| Untracked 
|  35|0x0000000087b00000, 0x0000000087b00000, 0x0000000087c00000|  0%| F|  |TAMS 0x0000000087b00000| PB 0x0000000087b00000| Untracked 
|  36|0x0000000087c00000, 0x0000000087c00000, 0x0000000087d00000|  0%| F|  |TAMS 0x0000000087c00000| PB 0x0000000087c00000| Untracked 
|  37|0x0000000087d00000, 0x0000000087d00000, 0x0000000087e00000|  0%| F|  |TAMS 0x0000000087d00000| PB 0x0000000087d00000| Untracked 
|  38|0x0000000087e00000, 0x0000000087e00000, 0x0000000087f00000|  0%| F|  |TAMS 0x0000000087e00000| PB 0x0000000087e00000| Untracked 
|  39|0x0000000087f00000, 0x0000000087f00000, 0x0000000088000000|  0%| F|  |TAMS 0x0000000087f00000| PB 0x0000000087f00000| Untracked 
|  40|0x0000000088000000, 0x0000000088000000, 0x0000000088100000|  0%| F|  |TAMS 0x0000000088000000| PB 0x0000000088000000| Untracked 
|  41|0x0000000088100000, 0x0000000088100000, 0x0000000088200000|  0%| F|  |TAMS 0x0000000088100000| PB 0x0000000088100000| Untracked 
|  42|0x0000000088200000, 0x0000000088200000, 0x0000000088300000|  0%| F|  |TAMS 0x0000000088200000| PB 0x0000000088200000| Untracked 
|  43|0x0000000088300000, 0x0000000088300000, 0x0000000088400000|  0%| F|  |TAMS 0x0000000088300000| PB 0x0000000088300000| Untracked 
|  44|0x0000000088400000, 0x0000000088400000, 0x0000000088500000|  0%| F|  |TAMS 0x0000000088400000| PB 0x0000000088400000| Untracked 
|  45|0x0000000088500000, 0x0000000088500000, 0x0000000088600000|  0%| F|  |TAMS 0x0000000088500000| PB 0x0000000088500000| Untracked 
|  46|0x0000000088600000, 0x0000000088600000, 0x0000000088700000|  0%| F|  |TAMS 0x0000000088600000| PB 0x0000000088600000| Untracked 
|  47|0x0000000088700000, 0x0000000088700000, 0x0000000088800000|  0%| F|  |TAMS 0x0000000088700000| PB 0x0000000088700000| Untracked 
|  48|0x0000000088800000, 0x0000000088800000, 0x0000000088900000|  0%| F|  |TAMS 0x0000000088800000| PB 0x0000000088800000| Untracked 
|  49|0x0000000088900000, 0x0000000088900000, 0x0000000088a00000|  0%| F|  |TAMS 0x0000000088900000| PB 0x0000000088900000| Untracked 
|  50|0x0000000088a00000, 0x0000000088a00000, 0x0000000088b00000|  0%| F|  |TAMS 0x0000000088a00000| PB 0x0000000088a00000| Untracked 
|  51|0x0000000088b00000, 0x0000000088b00000, 0x0000000088c00000|  0%| F|  |TAMS 0x0000000088b00000| PB 0x0000000088b00000| Untracked 
|  52|0x0000000088c00000, 0x0000000088c00000, 0x0000000088d00000|  0%| F|  |TAMS 0x0000000088c00000| PB 0x0000000088c00000| Untracked 
|  53|0x0000000088d00000, 0x0000000088d00000, 0x0000000088e00000|  0%| F|  |TAMS 0x0000000088d00000| PB 0x0000000088d00000| Untracked 
|  54|0x0000000088e00000, 0x0000000088e00000, 0x0000000088f00000|  0%| F|  |TAMS 0x0000000088e00000| PB 0x0000000088e00000| Untracked 
|  55|0x0000000088f00000, 0x0000000088f00000, 0x0000000089000000|  0%| F|  |TAMS 0x0000000088f00000| PB 0x0000000088f00000| Untracked 
|  56|0x0000000089000000, 0x0000000089000000, 0x0000000089100000|  0%| F|  |TAMS 0x0000000089000000| PB 0x0000000089000000| Untracked 
|  57|0x0000000089100000, 0x0000000089100000, 0x0000000089200000|  0%| F|  |TAMS 0x0000000089100000| PB 0x0000000089100000| Untracked 
|  58|0x0000000089200000, 0x0000000089200000, 0x0000000089300000|  0%| F|  |TAMS 0x0000000089200000| PB 0x0000000089200000| Untracked 
|  59|0x0000000089300000, 0x0000000089300000, 0x0000000089400000|  0%| F|  |TAMS 0x0000000089300000| PB 0x0000000089300000| Untracked 
|  60|0x0000000089400000, 0x0000000089400000, 0x0000000089500000|  0%| F|  |TAMS 0x0000000089400000| PB 0x0000000089400000| Untracked 
|  61|0x0000000089500000, 0x0000000089500000, 0x0000000089600000|  0%| F|  |TAMS 0x0000000089500000| PB 0x0000000089500000| Untracked 
|  62|0x0000000089600000, 0x0000000089600000, 0x0000000089700000|  0%| F|  |TAMS 0x0000000089600000| PB 0x0000000089600000| Untracked 
|  63|0x0000000089700000, 0x0000000089700000, 0x0000000089800000|  0%| F|  |TAMS 0x0000000089700000| PB 0x0000000089700000| Untracked 
|  64|0x0000000089800000, 0x0000000089800000, 0x0000000089900000|  0%| F|  |TAMS 0x0000000089800000| PB 0x0000000089800000| Untracked 
|  65|0x0000000089900000, 0x0000000089900000, 0x0000000089a00000|  0%| F|  |TAMS 0x0000000089900000| PB 0x0000000089900000| Untracked 
|  66|0x0000000089a00000, 0x0000000089a00000, 0x0000000089b00000|  0%| F|  |TAMS 0x0000000089a00000| PB 0x0000000089a00000| Untracked 
|  67|0x0000000089b00000, 0x0000000089b00000, 0x0000000089c00000|  0%| F|  |TAMS 0x0000000089b00000| PB 0x0000000089b00000| Untracked 
|  68|0x0000000089c00000, 0x0000000089c00000, 0x0000000089d00000|  0%| F|  |TAMS 0x0000000089c00000| PB 0x0000000089c00000| Untracked 
|  69|0x0000000089d00000, 0x0000000089d00000, 0x0000000089e00000|  0%| F|  |TAMS 0x0000000089d00000| PB 0x0000000089d00000| Untracked 
|  70|0x0000000089e00000, 0x0000000089e00000, 0x0000000089f00000|  0%| F|  |TAMS 0x0000000089e00000| PB 0x0000000089e00000| Untracked 
|  71|0x0000000089f00000, 0x0000000089f00000, 0x000000008a000000|  0%| F|  |TAMS 0x0000000089f00000| PB 0x0000000089f00000| Untracked 
|  72|0x000000008a000000, 0x000000008a000000, 0x000000008a100000|  0%| F|  |TAMS 0x000000008a000000| PB 0x000000008a000000| Untracked 
|  73|0x000000008a100000, 0x000000008a100000, 0x000000008a200000|  0%| F|  |TAMS 0x000000008a100000| PB 0x000000008a100000| Untracked 
|  74|0x000000008a200000, 0x000000008a200000, 0x000000008a300000|  0%| F|  |TAMS 0x000000008a200000| PB 0x000000008a200000| Untracked 
|  75|0x000000008a300000, 0x000000008a300000, 0x000000008a400000|  0%| F|  |TAMS 0x000000008a300000| PB 0x000000008a300000| Untracked 
|  76|0x000000008a400000, 0x000000008a400000, 0x000000008a500000|  0%| F|  |TAMS 0x000000008a400000| PB 0x000000008a400000| Untracked 
|  77|0x000000008a500000, 0x000000008a500000, 0x000000008a600000|  0%| F|  |TAMS 0x000000008a500000| PB 0x000000008a500000| Untracked 
|  78|0x000000008a600000, 0x000000008a600000, 0x000000008a700000|  0%| F|  |TAMS 0x000000008a600000| PB 0x000000008a600000| Untracked 
|  79|0x000000008a700000, 0x000000008a700000, 0x000000008a800000|  0%| F|  |TAMS 0x000000008a700000| PB 0x000000008a700000| Untracked 
|  80|0x000000008a800000, 0x000000008a800000, 0x000000008a900000|  0%| F|  |TAMS 0x000000008a800000| PB 0x000000008a800000| Untracked 
|  81|0x000000008a900000, 0x000000008a900000, 0x000000008aa00000|  0%| F|  |TAMS 0x000000008a900000| PB 0x000000008a900000| Untracked 
|  82|0x000000008aa00000, 0x000000008aa00000, 0x000000008ab00000|  0%| F|  |TAMS 0x000000008aa00000| PB 0x000000008aa00000| Untracked 
|  83|0x000000008ab00000, 0x000000008ab00000, 0x000000008ac00000|  0%| F|  |TAMS 0x000000008ab00000| PB 0x000000008ab00000| Untracked 
|  84|0x000000008ac00000, 0x000000008ac00000, 0x000000008ad00000|  0%| F|  |TAMS 0x000000008ac00000| PB 0x000000008ac00000| Untracked 
|  85|0x000000008ad00000, 0x000000008ad00000, 0x000000008ae00000|  0%| F|  |TAMS 0x000000008ad00000| PB 0x000000008ad00000| Untracked 
|  86|0x000000008ae00000, 0x000000008ae00000, 0x000000008af00000|  0%| F|  |TAMS 0x000000008ae00000| PB 0x000000008ae00000| Untracked 
|  87|0x000000008af00000, 0x000000008af00000, 0x000000008b000000|  0%| F|  |TAMS 0x000000008af00000| PB 0x000000008af00000| Untracked 
|  88|0x000000008b000000, 0x000000008b000000, 0x000000008b100000|  0%| F|  |TAMS 0x000000008b000000| PB 0x000000008b000000| Untracked 
|  89|0x000000008b100000, 0x000000008b100000, 0x000000008b200000|  0%| F|  |TAMS 0x000000008b100000| PB 0x000000008b100000| Untracked 
|  90|0x000000008b200000, 0x000000008b200000, 0x000000008b300000|  0%| F|  |TAMS 0x000000008b200000| PB 0x000000008b200000| Untracked 
|  91|0x000000008b300000, 0x000000008b300000, 0x000000008b400000|  0%| F|  |TAMS 0x000000008b300000| PB 0x000000008b300000| Untracked 
|  92|0x000000008b400000, 0x000000008b400000, 0x000000008b500000|  0%| F|  |TAMS 0x000000008b400000| PB 0x000000008b400000| Untracked 
|  93|0x000000008b500000, 0x000000008b500000, 0x000000008b600000|  0%| F|  |TAMS 0x000000008b500000| PB 0x000000008b500000| Untracked 
|  94|0x000000008b600000, 0x000000008b600000, 0x000000008b700000|  0%| F|  |TAMS 0x000000008b600000| PB 0x000000008b600000| Untracked 
|  95|0x000000008b700000, 0x000000008b700000, 0x000000008b800000|  0%| F|  |TAMS 0x000000008b700000| PB 0x000000008b700000| Untracked 
|  96|0x000000008b800000, 0x000000008b800000, 0x000000008b900000|  0%| F|  |TAMS 0x000000008b800000| PB 0x000000008b800000| Untracked 
|  97|0x000000008b900000, 0x000000008b900000, 0x000000008ba00000|  0%| F|  |TAMS 0x000000008b900000| PB 0x000000008b900000| Untracked 
|  98|0x000000008ba00000, 0x000000008ba00000, 0x000000008bb00000|  0%| F|  |TAMS 0x000000008ba00000| PB 0x000000008ba00000| Untracked 
|  99|0x000000008bb00000, 0x000000008bb00000, 0x000000008bc00000|  0%| F|  |TAMS 0x000000008bb00000| PB 0x000000008bb00000| Untracked 
| 100|0x000000008bc00000, 0x000000008bc00000, 0x000000008bd00000|  0%| F|  |TAMS 0x000000008bc00000| PB 0x000000008bc00000| Untracked 
| 101|0x000000008bd00000, 0x000000008bd00000, 0x000000008be00000|  0%| F|  |TAMS 0x000000008bd00000| PB 0x000000008bd00000| Untracked 
| 102|0x000000008be00000, 0x000000008be00000, 0x000000008bf00000|  0%| F|  |TAMS 0x000000008be00000| PB 0x000000008be00000| Untracked 
| 103|0x000000008bf00000, 0x000000008bf00000, 0x000000008c000000|  0%| F|  |TAMS 0x000000008bf00000| PB 0x000000008bf00000| Untracked 
| 104|0x000000008c000000, 0x000000008c000000, 0x000000008c100000|  0%| F|  |TAMS 0x000000008c000000| PB 0x000000008c000000| Untracked 
| 105|0x000000008c100000, 0x000000008c100000, 0x000000008c200000|  0%| F|  |TAMS 0x000000008c100000| PB 0x000000008c100000| Untracked 
| 106|0x000000008c200000, 0x000000008c200000, 0x000000008c300000|  0%| F|  |TAMS 0x000000008c200000| PB 0x000000008c200000| Untracked 
| 107|0x000000008c300000, 0x000000008c300000, 0x000000008c400000|  0%| F|  |TAMS 0x000000008c300000| PB 0x000000008c300000| Untracked 
| 108|0x000000008c400000, 0x000000008c400000, 0x000000008c500000|  0%| F|  |TAMS 0x000000008c400000| PB 0x000000008c400000| Untracked 
| 109|0x000000008c500000, 0x000000008c600000, 0x000000008c600000|100%| S|CS|TAMS 0x000000008c500000| PB 0x000000008c500000| Complete 
| 110|0x000000008c600000, 0x000000008c700000, 0x000000008c700000|100%| S|CS|TAMS 0x000000008c600000| PB 0x000000008c600000| Complete 
| 111|0x000000008c700000, 0x000000008c7baad8, 0x000000008c800000| 72%| E|  |TAMS 0x000000008c700000| PB 0x000000008c700000| Complete 
| 112|0x000000008c800000, 0x000000008c900000, 0x000000008c900000|100%| E|CS|TAMS 0x000000008c800000| PB 0x000000008c800000| Complete 
| 113|0x000000008c900000, 0x000000008ca00000, 0x000000008ca00000|100%| E|CS|TAMS 0x000000008c900000| PB 0x000000008c900000| Complete 
| 114|0x000000008ca00000, 0x000000008cb00000, 0x000000008cb00000|100%| E|CS|TAMS 0x000000008ca00000| PB 0x000000008ca00000| Complete 
| 115|0x000000008cb00000, 0x000000008cc00000, 0x000000008cc00000|100%| E|CS|TAMS 0x000000008cb00000| PB 0x000000008cb00000| Complete 
| 116|0x000000008cc00000, 0x000000008cd00000, 0x000000008cd00000|100%| E|CS|TAMS 0x000000008cc00000| PB 0x000000008cc00000| Complete 
| 117|0x000000008cd00000, 0x000000008ce00000, 0x000000008ce00000|100%| E|CS|TAMS 0x000000008cd00000| PB 0x000000008cd00000| Complete 
| 118|0x000000008ce00000, 0x000000008cf00000, 0x000000008cf00000|100%| E|CS|TAMS 0x000000008ce00000| PB 0x000000008ce00000| Complete 
| 119|0x000000008cf00000, 0x000000008d000000, 0x000000008d000000|100%| E|CS|TAMS 0x000000008cf00000| PB 0x000000008cf00000| Complete 
| 120|0x000000008d000000, 0x000000008d100000, 0x000000008d100000|100%| E|CS|TAMS 0x000000008d000000| PB 0x000000008d000000| Complete 
| 121|0x000000008d100000, 0x000000008d200000, 0x000000008d200000|100%| E|CS|TAMS 0x000000008d100000| PB 0x000000008d100000| Complete 
| 122|0x000000008d200000, 0x000000008d300000, 0x000000008d300000|100%| E|CS|TAMS 0x000000008d200000| PB 0x000000008d200000| Complete 
| 123|0x000000008d300000, 0x000000008d400000, 0x000000008d400000|100%| E|CS|TAMS 0x000000008d300000| PB 0x000000008d300000| Complete 

Card table byte_map: [0x0000021faae90000,0x0000021fab270000] _byte_map_base: 0x0000021faaa64000

Marking Bits: (CMBitMap*) 0x0000021f918de3b0
 Bits: [0x0000021fab270000, 0x0000021fad110000)

Polling page: 0x0000021f916d0000

Metaspace:

Usage:
  Non-class:      4.08 MB used.
      Class:    433.17 KB used.
       Both:      4.50 MB used.

Virtual space:
  Non-class space:       64.00 MB reserved,       4.19 MB (  7%) committed,  1 nodes.
      Class space:        1.00 GB reserved,     512.00 KB ( <1%) committed,  1 nodes.
             Both:        1.06 GB reserved,       4.69 MB ( <1%) committed. 

Chunk freelists:
   Non-Class:  11.28 MB
       Class:  15.53 MB
        Both:  26.81 MB

MaxMetaspaceSize: unlimited
CompressedClassSpaceSize: 1.00 GB
Initial GC threshold: 21.00 MB
Current GC threshold: 21.00 MB
CDS: on
 - commit_granule_bytes: 65536.
 - commit_granule_words: 8192.
 - virtual_space_node_default_size: 8388608.
 - enlarge_chunks_in_place: 1.
 - use_allocation_guard: 0.


Internal statistics:

num_allocs_failed_limit: 0.
num_arena_births: 66.
num_arena_deaths: 0.
num_vsnodes_births: 2.
num_vsnodes_deaths: 0.
num_space_committed: 75.
num_space_uncommitted: 0.
num_chunks_returned_to_freelist: 0.
num_chunks_taken_from_freelist: 109.
num_chunk_merges: 0.
num_chunk_splits: 71.
num_chunks_enlarged: 48.
num_inconsistent_stats: 0.

CodeHeap 'non-profiled nmethods': size=120000Kb used=431Kb max_used=431Kb free=119568Kb
 bounds [0x0000021fa2f60000, 0x0000021fa31d0000, 0x0000021faa490000]
CodeHeap 'profiled nmethods': size=120000Kb used=1457Kb max_used=1457Kb free=118542Kb
 bounds [0x0000021f9b490000, 0x0000021f9b700000, 0x0000021fa29c0000]
CodeHeap 'non-nmethods': size=5760Kb used=1566Kb max_used=1580Kb free=4193Kb
 bounds [0x0000021fa29c0000, 0x0000021fa2c30000, 0x0000021fa2f60000]
 total_blobs=1460 nmethods=949 adapters=416
 compilation: enabled
              stopped_count=0, restarted_count=0
 full_count=0

Compilation events (20 events):
Event: 3.832 Thread 0x0000021faf6c9940  936       4       java.lang.invoke.MethodType::parameterCount (6 bytes)
Event: 3.832 Thread 0x0000021faf6c9940 nmethod 936 0x0000021fa2fca210 code [0x0000021fa2fca3a0, 0x0000021fa2fca440]
Event: 3.832 Thread 0x0000021faf6c9940  932       4       java.lang.StringUTF16::getChar (60 bytes)
Event: 3.832 Thread 0x0000021faf6c9940 nmethod 932 0x0000021fa2fca510 code [0x0000021fa2fca6a0, 0x0000021fa2fca788]
Event: 5.432 Thread 0x0000021faf6c9940  940 %     4       sun.security.provider.SHA::implCompress0 @ 357 (478 bytes)
Event: 5.432 Thread 0x0000021faf6dbe50  941       3       java.lang.ref.ReferenceQueue::headIsNull (13 bytes)
Event: 5.432 Thread 0x0000021faf6dbe50 nmethod 941 0x0000021f9b5f7b10 code [0x0000021f9b5f7ca0, 0x0000021f9b5f7e10]
Event: 5.433 Thread 0x0000021faf6dbe50  943       3       java.lang.invoke.VarHandleGuards::guard_LII_V (135 bytes)
Event: 5.436 Thread 0x0000021faf6dbe50 nmethod 943 0x0000021f9b5f7e90 code [0x0000021f9b5f82c0, 0x0000021f9b5fa848]
Event: 5.436 Thread 0x0000021faf6dbe50  945       3       java.lang.invoke.VarHandleByteArrayAsInts$ArrayHandle::set (39 bytes)
Event: 5.436 Thread 0x0000021faf6dbe50 nmethod 945 0x0000021f9b5fb310 code [0x0000021f9b5fb4e0, 0x0000021f9b5fb910]
Event: 5.436 Thread 0x0000021faf6dbe50  946       3       jdk.internal.misc.Unsafe::putIntUnaligned (79 bytes)
Event: 5.436 Thread 0x0000021faf6dbe50 nmethod 946 0x0000021f9b5fba90 code [0x0000021f9b5fbc60, 0x0000021f9b5fc000]
Event: 5.436 Thread 0x0000021faf6dbe50  947       3       jdk.internal.misc.Unsafe::putIntUnaligned (14 bytes)
Event: 5.437 Thread 0x0000021faf6dbe50 nmethod 947 0x0000021f9b5fc110 code [0x0000021f9b5fc2c0, 0x0000021f9b5fc510]
Event: 5.438 Thread 0x0000021faf6c9940 nmethod 940% 0x0000021fa2fcb290 code [0x0000021fa2fcb420, 0x0000021fa2fcb808]
Event: 7.348 Thread 0x0000021faf6c9940  948       4       jdk.internal.util.Preconditions::checkIndex (18 bytes)
Event: 7.348 Thread 0x0000021faf6c9940 nmethod 948 0x0000021fa2fcb990 code [0x0000021fa2fcbb20, 0x0000021fa2fcbbd0]
Event: 7.348 Thread 0x0000021faf6c9940  949       4       java.lang.String::isLatin1 (19 bytes)
Event: 7.349 Thread 0x0000021faf6c9940 nmethod 949 0x0000021fa2fcbc90 code [0x0000021fa2fcbe20, 0x0000021fa2fcbeb0]

GC Heap History (2 events):
Event: 0.320 GC heap before
{Heap before GC invocations=0 (full 0):
 garbage-first heap   total 126976K, used 14336K [0x0000000085800000, 0x0000000100000000)
  region size 1024K, 13 young (13312K), 0 survivors (0K)
 Metaspace       used 2891K, committed 3072K, reserved 1114112K
  class space    used 282K, committed 384K, reserved 1048576K
}
Event: 0.326 GC heap after
{Heap after GC invocations=1 (full 0):
 garbage-first heap   total 126976K, used 5760K [0x0000000085800000, 0x0000000100000000)
  region size 1024K, 2 young (2048K), 2 survivors (2048K)
 Metaspace       used 2891K, committed 3072K, reserved 1114112K
  class space    used 282K, committed 384K, reserved 1048576K
}

Dll operation events (13 events):
Event: 0.006 Loaded shared library C:\Users\joaoo\.jdks\openjdk-21.0.1\bin\java.dll
Event: 0.042 Loaded shared library C:\Users\joaoo\.jdks\openjdk-21.0.1\bin\jsvml.dll
Event: 0.083 Loaded shared library C:\Users\joaoo\.jdks\openjdk-21.0.1\bin\zip.dll
Event: 0.087 Loaded shared library C:\Users\joaoo\.jdks\openjdk-21.0.1\bin\instrument.dll
Event: 0.096 Loaded shared library C:\Users\joaoo\.jdks\openjdk-21.0.1\bin\net.dll
Event: 0.098 Loaded shared library C:\Users\joaoo\.jdks\openjdk-21.0.1\bin\nio.dll
Event: 0.102 Loaded shared library C:\Users\joaoo\.jdks\openjdk-21.0.1\bin\zip.dll
Event: 0.135 Loaded shared library C:\Program Files\JetBrains\IntelliJ IDEA 2023.2.2\bin\breakgen64.dll
Event: 0.143 Loaded shared library C:\Users\joaoo\.jdks\openjdk-21.0.1\bin\extnet.dll
Event: 0.229 Loaded shared library C:\Users\joaoo\.jdks\openjdk-21.0.1\bin\jimage.dll
Event: 0.490 Loaded shared library C:\Windows\System32\pteidlibj.dll
Event: 0.494 Loaded shared library C:\Users\joaoo\.jdks\openjdk-21.0.1\bin\sunmscapi.dll
Event: 0.528 Loaded shared library C:\Users\joaoo\.jdks\openjdk-21.0.1\bin\j2pkcs11.dll

Deoptimization events (20 events):
Event: 3.826 Thread 0x0000021f918888c0 Uncommon trap: trap_request=0xffffff45 fr.pc=0x0000021fa2fad67c relative=0x000000000000059c
Event: 3.826 Thread 0x0000021f918888c0 Uncommon trap: reason=unstable_if action=reinterpret pc=0x0000021fa2fad67c method=java.lang.AbstractStringBuilder.inflateIfNeededFor(Ljava/lang/String;)V @ 14 c2
Event: 3.826 Thread 0x0000021f918888c0 DEOPT PACKING pc=0x0000021fa2fad67c sp=0x00000080349ff270
Event: 3.826 Thread 0x0000021f918888c0 DEOPT UNPACKING pc=0x0000021fa2a17da2 sp=0x00000080349ff120 mode 2
Event: 3.826 Thread 0x0000021f918888c0 Uncommon trap: trap_request=0xffffff45 fr.pc=0x0000021fa2fb21f0 relative=0x0000000000000590
Event: 3.826 Thread 0x0000021f918888c0 Uncommon trap: reason=unstable_if action=reinterpret pc=0x0000021fa2fb21f0 method=java.lang.AbstractStringBuilder.inflateIfNeededFor(Ljava/lang/String;)V @ 14 c2
Event: 3.826 Thread 0x0000021f918888c0 DEOPT PACKING pc=0x0000021fa2fb21f0 sp=0x00000080349ff210
Event: 3.826 Thread 0x0000021f918888c0 DEOPT UNPACKING pc=0x0000021fa2a17da2 sp=0x00000080349ff118 mode 2
Event: 3.826 Thread 0x0000021f918888c0 Uncommon trap: trap_request=0xffffff45 fr.pc=0x0000021fa2facd34 relative=0x0000000000000114
Event: 3.826 Thread 0x0000021f918888c0 Uncommon trap: reason=unstable_if action=reinterpret pc=0x0000021fa2facd34 method=java.lang.String.getBytes([BIB)V @ 5 c2
Event: 3.826 Thread 0x0000021f918888c0 DEOPT PACKING pc=0x0000021fa2facd34 sp=0x00000080349ff140
Event: 3.826 Thread 0x0000021f918888c0 DEOPT UNPACKING pc=0x0000021fa2a17da2 sp=0x00000080349ff108 mode 2
Event: 5.425 Thread 0x0000021f918888c0 Uncommon trap: trap_request=0xffffffbe fr.pc=0x0000021fa2fc9074 relative=0x0000000000000554
Event: 5.425 Thread 0x0000021f918888c0 Uncommon trap: reason=profile_predicate action=maybe_recompile pc=0x0000021fa2fc9074 method=java.util.regex.Pattern$Start.match(Ljava/util/regex/Matcher;ILjava/lang/CharSequence;)Z @ 34 c2
Event: 5.425 Thread 0x0000021f918888c0 DEOPT PACKING pc=0x0000021fa2fc9074 sp=0x00000080349ff2a0
Event: 5.425 Thread 0x0000021f918888c0 DEOPT UNPACKING pc=0x0000021fa2a17da2 sp=0x00000080349ff210 mode 2
Event: 7.348 Thread 0x0000021f918888c0 Uncommon trap: trap_request=0xffffffbe fr.pc=0x0000021fa2fc9074 relative=0x0000000000000554
Event: 7.348 Thread 0x0000021f918888c0 Uncommon trap: reason=profile_predicate action=maybe_recompile pc=0x0000021fa2fc9074 method=java.util.regex.Pattern$Start.match(Ljava/util/regex/Matcher;ILjava/lang/CharSequence;)Z @ 34 c2
Event: 7.348 Thread 0x0000021f918888c0 DEOPT PACKING pc=0x0000021fa2fc9074 sp=0x00000080349ff2b0
Event: 7.348 Thread 0x0000021f918888c0 DEOPT UNPACKING pc=0x0000021fa2a17da2 sp=0x00000080349ff220 mode 2

Classes loaded (20 events):
Event: 5.432 Loading class java/security/KeyStore$PasswordProtection
Event: 5.433 Loading class java/security/KeyStore$PasswordProtection done
Event: 5.433 Loading class sun/security/provider/JavaKeyStore$TrustedCertEntry
Event: 5.433 Loading class sun/security/provider/JavaKeyStore$TrustedCertEntry done
Event: 5.433 Loading class sun/security/provider/KeyProtector
Event: 5.433 Loading class sun/security/provider/KeyProtector done
Event: 5.433 Loading class sun/security/pkcs/EncryptedPrivateKeyInfo
Event: 5.433 Loading class sun/security/pkcs/EncryptedPrivateKeyInfo done
Event: 5.437 Loading class java/security/KeyStore$PrivateKeyEntry
Event: 5.437 Loading class java/security/KeyStore$PrivateKeyEntry done
Event: 5.437 Loading class java/security/KeyPair
Event: 5.437 Loading class java/security/KeyPair done
Event: 7.348 Loading class sun/nio/fs/WindowsException
Event: 7.348 Loading class sun/nio/fs/WindowsException done
Event: 7.348 Loading class java/nio/file/NoSuchFileException
Event: 7.348 Loading class java/nio/file/FileSystemException
Event: 7.349 Loading class java/nio/file/FileSystemException done
Event: 7.349 Loading class java/nio/file/NoSuchFileException done
Event: 14.655 Loading class jdk/internal/misc/Signal$1
Event: 14.655 Loading class jdk/internal/misc/Signal$1 done

Classes unloaded (0 events):
No events

Classes redefined (0 events):
No events

Internal exceptions (8 events):
Event: 0.127 Thread 0x0000021f918888c0 Exception <a 'java/lang/NoSuchMethodError'{0x000000008cf23a78}: 'void java.lang.invoke.DirectMethodHandle$Holder.invokeStatic(java.lang.Object, java.lang.Object, java.lang.Object)'> (0x000000008cf23a78) 
thrown [s\open\src\hotspot\share\interpreter\linkResolver.cpp, line 773]
Event: 0.131 Thread 0x0000021f918888c0 Exception <a 'java/lang/NoSuchMethodError'{0x000000008cf3af80}: 'java.lang.Object java.lang.invoke.Invokers$Holder.invokeExact_MT(java.lang.Object, java.lang.Object, java.lang.Object, java.lang.Object, java.lang.Object)'> (0x000000008cf3af80) 
thrown [s\open\src\hotspot\share\interpreter\linkResolver.cpp, line 773]
Event: 0.144 Thread 0x0000021faf9d5db0 Exception <a 'java/lang/NoSuchMethodError'{0x000000008cf670a8}: 'void java.lang.invoke.DirectMethodHandle$Holder.invokeStatic(java.lang.Object, java.lang.Object)'> (0x000000008cf670a8) 
thrown [s\open\src\hotspot\share\interpreter\linkResolver.cpp, line 773]
Event: 0.188 Thread 0x0000021f918888c0 Exception <a 'java/lang/NoSuchMethodError'{0x000000008cd88de8}: 'void java.lang.invoke.DirectMethodHandle$Holder.invokeVirtual(java.lang.Object, java.lang.Object)'> (0x000000008cd88de8) 
thrown [s\open\src\hotspot\share\interpreter\linkResolver.cpp, line 773]
Event: 0.532 Thread 0x0000021f918888c0 Exception <a 'java/lang/NoSuchMethodError'{0x000000008cad2328}: 'void java.lang.invoke.DirectMethodHandle$Holder.invokeStatic(java.lang.Object, long)'> (0x000000008cad2328) 
thrown [s\open\src\hotspot\share\interpreter\linkResolver.cpp, line 773]
Event: 0.533 Thread 0x0000021f918888c0 Exception <a 'java/lang/NoSuchMethodError'{0x000000008cad7000}: 'java.lang.Object java.lang.invoke.DirectMethodHandle$Holder.newInvokeSpecial(java.lang.Object, long)'> (0x000000008cad7000) 
thrown [s\open\src\hotspot\share\interpreter\linkResolver.cpp, line 773]
Event: 1.040 Thread 0x0000021faf6c5430 Exception <a 'java/lang/NoSuchMethodError'{0x000000008c9e7500}: 'java.lang.Object java.lang.invoke.Invokers$Holder.invokeExact_MT(java.lang.Object, java.lang.Object, java.lang.Object, java.lang.Object, java.lang.Object, java.lang.Object)'> (0x000000008c9e7500) 
thrown [s\open\src\hotspot\share\interpreter\linkResolver.cpp, line 773]
Event: 7.348 Thread 0x0000021f918888c0 Exception <a 'sun/nio/fs/WindowsException'{0x000000008c74eec8}> (0x000000008c74eec8) 
thrown [s\open\src\hotspot\share\prims\jni.cpp, line 520]

ZGC Phase Switch (0 events):
No events

VM Operations (20 events):
Event: 0.179 Executing VM operation: HandshakeAllThreads (Deoptimize) done
Event: 0.179 Executing VM operation: HandshakeAllThreads (Deoptimize)
Event: 0.179 Executing VM operation: HandshakeAllThreads (Deoptimize) done
Event: 0.303 Executing VM operation: HandshakeAllThreads (Deoptimize)
Event: 0.303 Executing VM operation: HandshakeAllThreads (Deoptimize) done
Event: 0.320 Executing VM operation: G1CollectForAllocation (G1 Evacuation Pause)
Event: 0.326 Executing VM operation: G1CollectForAllocation (G1 Evacuation Pause) done
Event: 0.495 Executing VM operation: HandshakeAllThreads (Deoptimize)
Event: 0.495 Executing VM operation: HandshakeAllThreads (Deoptimize) done
Event: 1.496 Executing VM operation: Cleanup
Event: 1.496 Executing VM operation: Cleanup done
Event: 2.504 Executing VM operation: Cleanup
Event: 2.504 Executing VM operation: Cleanup done
Event: 3.824 Executing VM operation: HandshakeAllThreads (Deoptimize)
Event: 3.824 Executing VM operation: HandshakeAllThreads (Deoptimize) done
Event: 3.824 Executing VM operation: Cleanup
Event: 3.825 Executing VM operation: Cleanup done
Event: 5.834 Executing VM operation: Cleanup
Event: 5.834 Executing VM operation: Cleanup done
Event: 14.655 Executing VM operation: Exit

Events (18 events):
Event: 0.023 Thread 0x0000021f918888c0 Thread added: 0x0000021f918888c0
Event: 0.038 Thread 0x0000021faf6c1650 Thread added: 0x0000021faf6c1650
Event: 0.038 Thread 0x0000021faf6c2370 Thread added: 0x0000021faf6c2370
Event: 0.039 Thread 0x0000021faf6c8840 Thread added: 0x0000021faf6c8840
Event: 0.039 Thread 0x0000021faf6c5430 Thread added: 0x0000021faf6c5430
Event: 0.039 Thread 0x0000021faf6c5f80 Thread added: 0x0000021faf6c5f80
Event: 0.039 Thread 0x0000021faf6c8fa0 Thread added: 0x0000021faf6c8fa0
Event: 0.039 Thread 0x0000021faf6c9940 Thread added: 0x0000021faf6c9940
Event: 0.040 Thread 0x0000021faf6dbe50 Thread added: 0x0000021faf6dbe50
Event: 0.065 Thread 0x0000021faf8fd2a0 Thread added: 0x0000021faf8fd2a0
Event: 0.135 Thread 0x0000021faf9d5db0 Thread added: 0x0000021faf9d5db0
Event: 0.135 Thread 0x0000021faf9d6420 Thread added: 0x0000021faf9d6420
Event: 0.236 Thread 0x0000021fafb9b7d0 Thread added: 0x0000021fafb9b7d0
Event: 0.532 Thread 0x0000021ff52ad540 Thread added: 0x0000021ff52ad540
Event: 1.012 Thread 0x0000021fafb9b7d0 Thread exited: 0x0000021fafb9b7d0
Event: 1.507 Thread 0x0000021ff52d7d60 Thread added: 0x0000021ff52d7d60
Event: 14.655 Thread 0x0000021ff5499ea0 Thread added: 0x0000021ff5499ea0
Event: 14.655 Thread 0x0000021faf6c8840 Thread exited: 0x0000021faf6c8840


Dynamic libraries:
0x00007ff7ee930000 - 0x00007ff7ee93e000 	C:\Users\joaoo\.jdks\openjdk-21.0.1\bin\java.exe
0x00007ffae6ad0000 - 0x00007ffae6cc8000 	C:\WINDOWS\SYSTEM32\ntdll.dll
0x00007ffae4be0000 - 0x00007ffae4c9d000 	C:\WINDOWS\System32\KERNEL32.DLL
0x00007ffae4440000 - 0x00007ffae4736000 	C:\WINDOWS\System32\KERNELBASE.dll
0x00007ffae4840000 - 0x00007ffae4940000 	C:\WINDOWS\System32\ucrtbase.dll
0x00007ffadd040000 - 0x00007ffadd05b000 	C:\Users\joaoo\.jdks\openjdk-21.0.1\bin\VCRUNTIME140.dll
0x00007ffadd080000 - 0x00007ffadd098000 	C:\Users\joaoo\.jdks\openjdk-21.0.1\bin\jli.dll
0x00007ffae6860000 - 0x00007ffae69fe000 	C:\WINDOWS\System32\USER32.dll
0x00007ffac9470000 - 0x00007ffac970a000 	C:\WINDOWS\WinSxS\amd64_microsoft.windows.common-controls_6595b64144ccf1df_6.0.19041.3636_none_60b6a03d71f818d5\COMCTL32.dll
0x00007ffae4b00000 - 0x00007ffae4b22000 	C:\WINDOWS\System32\win32u.dll
0x00007ffae5910000 - 0x00007ffae59ae000 	C:\WINDOWS\System32\msvcrt.dll
0x00007ffae6220000 - 0x00007ffae624c000 	C:\WINDOWS\System32\GDI32.dll
0x00007ffae4940000 - 0x00007ffae4a5a000 	C:\WINDOWS\System32\gdi32full.dll
0x00007ffae4a60000 - 0x00007ffae4afd000 	C:\WINDOWS\System32\msvcp_win.dll
0x00007ffae64d0000 - 0x00007ffae6500000 	C:\WINDOWS\System32\IMM32.DLL
0x00007ffadd0c0000 - 0x00007ffadd0cc000 	C:\Users\joaoo\.jdks\openjdk-21.0.1\bin\vcruntime140_1.dll
0x00007ffac6a40000 - 0x00007ffac6ace000 	C:\Users\joaoo\.jdks\openjdk-21.0.1\bin\msvcp140.dll
0x00007ffa7ede0000 - 0x00007ffa7faf5000 	C:\Users\joaoo\.jdks\openjdk-21.0.1\bin\server\jvm.dll
0x00007ffae67b0000 - 0x00007ffae685f000 	C:\WINDOWS\System32\ADVAPI32.dll
0x00007ffae6500000 - 0x00007ffae659c000 	C:\WINDOWS\System32\sechost.dll
0x00007ffae5690000 - 0x00007ffae57b6000 	C:\WINDOWS\System32\RPCRT4.dll
0x00007ffae57c0000 - 0x00007ffae582b000 	C:\WINDOWS\System32\WS2_32.dll
0x00007ffae3710000 - 0x00007ffae375b000 	C:\WINDOWS\SYSTEM32\POWRPROF.dll
0x00007ffad3b00000 - 0x00007ffad3b0a000 	C:\WINDOWS\SYSTEM32\VERSION.dll
0x00007ffabf740000 - 0x00007ffabf767000 	C:\WINDOWS\SYSTEM32\WINMM.dll
0x00007ffae35d0000 - 0x00007ffae35e2000 	C:\WINDOWS\SYSTEM32\UMPDC.dll
0x00007ffae29c0000 - 0x00007ffae29d2000 	C:\WINDOWS\SYSTEM32\kernel.appcore.dll
0x00007ffadd070000 - 0x00007ffadd07a000 	C:\Users\joaoo\.jdks\openjdk-21.0.1\bin\jimage.dll
0x00007ffae1d90000 - 0x00007ffae1f74000 	C:\WINDOWS\SYSTEM32\DBGHELP.DLL
0x00007ffac28f0000 - 0x00007ffac2924000 	C:\WINDOWS\SYSTEM32\dbgcore.DLL
0x00007ffae4740000 - 0x00007ffae47c2000 	C:\WINDOWS\System32\bcryptPrimitives.dll
0x00007ffadcfb0000 - 0x00007ffadcfbf000 	C:\Users\joaoo\.jdks\openjdk-21.0.1\bin\instrument.dll
0x00007ffadd000000 - 0x00007ffadd01f000 	C:\Users\joaoo\.jdks\openjdk-21.0.1\bin\java.dll
0x00007ffae59b0000 - 0x00007ffae60f4000 	C:\WINDOWS\System32\SHELL32.dll
0x00007ffae2210000 - 0x00007ffae29ab000 	C:\WINDOWS\SYSTEM32\windows.storage.dll
0x00007ffae4ca0000 - 0x00007ffae4ff4000 	C:\WINDOWS\System32\combase.dll
0x00007ffae3bf0000 - 0x00007ffae3c1d000 	C:\WINDOWS\SYSTEM32\Wldp.dll
0x00007ffae6250000 - 0x00007ffae62fd000 	C:\WINDOWS\System32\SHCORE.dll
0x00007ffae6460000 - 0x00007ffae64b5000 	C:\WINDOWS\System32\shlwapi.dll
0x00007ffae40e0000 - 0x00007ffae4105000 	C:\WINDOWS\SYSTEM32\profapi.dll
0x00007ffaa22a0000 - 0x00007ffaa2377000 	C:\Users\joaoo\.jdks\openjdk-21.0.1\bin\jsvml.dll
0x00007ffacd190000 - 0x00007ffacd1a8000 	C:\Users\joaoo\.jdks\openjdk-21.0.1\bin\zip.dll
0x00007ffadcff0000 - 0x00007ffadd000000 	C:\Users\joaoo\.jdks\openjdk-21.0.1\bin\net.dll
0x00007ffadbf50000 - 0x00007ffadc05a000 	C:\WINDOWS\SYSTEM32\WINHTTP.dll
0x00007ffae3950000 - 0x00007ffae39ba000 	C:\WINDOWS\system32\mswsock.dll
0x00007ffadcfd0000 - 0x00007ffadcfe6000 	C:\Users\joaoo\.jdks\openjdk-21.0.1\bin\nio.dll
0x00007ffad0d10000 - 0x00007ffad0d2a000 	C:\Program Files\JetBrains\IntelliJ IDEA 2023.2.2\bin\breakgen64.dll
0x00007ffacc220000 - 0x00007ffacc227000 	C:\Users\joaoo\.jdks\openjdk-21.0.1\bin\extnet.dll
0x0000000180000000 - 0x00000001800a2000 	C:\Windows\System32\pteidlibj.dll
0x0000021ff67d0000 - 0x0000021ff6d87000 	C:\WINDOWS\SYSTEM32\pteidapplayer.dll
0x00007ffae4260000 - 0x00007ffae43bd000 	C:\WINDOWS\System32\CRYPT32.dll
0x0000021fafca0000 - 0x0000021faff7d000 	C:\WINDOWS\SYSTEM32\cmdServices.dll
0x00007ffae5000000 - 0x00007ffae5056000 	C:\WINDOWS\System32\WLDAP32.dll
0x0000021ff6d90000 - 0x0000021ff6f9e000 	C:\WINDOWS\SYSTEM32\pteidDlgsWin32.dll
0x00007ffae64c0000 - 0x00007ffae64c8000 	C:\WINDOWS\System32\Normaliz.dll
0x0000021faff80000 - 0x0000021faffa9000 	C:\WINDOWS\SYSTEM32\pteidcommon.dll
0x00007ffae4410000 - 0x00007ffae4437000 	C:\WINDOWS\System32\bcrypt.dll
0x00007ffad0ce0000 - 0x00007ffad0ce9000 	C:\WINDOWS\SYSTEM32\WSOCK32.dll
0x00007ffae6600000 - 0x00007ffae672b000 	C:\WINDOWS\System32\ole32.dll
0x00007ffacf180000 - 0x00007ffacf1b1000 	C:\WINDOWS\SYSTEM32\CRYPTNET.dll
0x00007ffa94cd0000 - 0x00007ffa94e75000 	C:\WINDOWS\WinSxS\amd64_microsoft.windows.gdiplus_6595b64144ccf1df_1.1.19041.3636_none_91a19322cc8a92a3\gdiplus.dll
0x00007ffae1580000 - 0x00007ffae161e000 	C:\WINDOWS\SYSTEM32\UxTheme.dll
0x0000021ff6fa0000 - 0x0000021ff7083000 	C:\WINDOWS\SYSTEM32\pteid-poppler.dll
0x0000021ff7090000 - 0x0000021ff72a0000 	C:\WINDOWS\SYSTEM32\pteidcardlayer.dll
0x00007ffae5060000 - 0x00007ffae54ce000 	C:\WINDOWS\System32\SETUPAPI.dll
0x00007ffae43c0000 - 0x00007ffae440e000 	C:\WINDOWS\System32\cfgmgr32.dll
0x00007ffac4900000 - 0x00007ffac4943000 	C:\WINDOWS\SYSTEM32\WinSCard.dll
0x00007ffae3f40000 - 0x00007ffae3f73000 	C:\WINDOWS\SYSTEM32\DEVOBJ.dll
0x00007ffacc7d0000 - 0x00007ffacc7de000 	C:\Users\joaoo\.jdks\openjdk-21.0.1\bin\sunmscapi.dll
0x00007ffae3c60000 - 0x00007ffae3c87000 	C:\WINDOWS\SYSTEM32\ncrypt.dll
0x00007ffae3c20000 - 0x00007ffae3c5b000 	C:\WINDOWS\SYSTEM32\NTASN1.dll
0x00007ffad9610000 - 0x00007ffad9625000 	C:\Users\joaoo\.jdks\openjdk-21.0.1\bin\j2pkcs11.dll
0x0000021ff72a0000 - 0x0000021ff72bf000 	C:\Windows\system32\pteidpkcs11.dll
0x00007ffae2e70000 - 0x00007ffae2ecb000 	C:\WINDOWS\SYSTEM32\WINSTA.dll
0x00007ffae47d0000 - 0x00007ffae4837000 	C:\WINDOWS\System32\WINTRUST.dll
0x00007ffae3d80000 - 0x00007ffae3d92000 	C:\WINDOWS\SYSTEM32\MSASN1.dll
0x00007ffae35f0000 - 0x00007ffae362b000 	C:\WINDOWS\SYSTEM32\IPHLPAPI.DLL
0x00007ffae54d0000 - 0x00007ffae54d8000 	C:\WINDOWS\System32\NSI.dll
0x00007ffad8e70000 - 0x00007ffad8e87000 	C:\WINDOWS\SYSTEM32\dhcpcsvc6.DLL
0x00007ffad8e50000 - 0x00007ffad8e6d000 	C:\WINDOWS\SYSTEM32\dhcpcsvc.DLL
0x00007ffae3640000 - 0x00007ffae370a000 	C:\WINDOWS\SYSTEM32\DNSAPI.dll
0x00007ffad3d20000 - 0x00007ffad3d2a000 	C:\Windows\System32\rasadhlp.dll

dbghelp: loaded successfully - version: 4.0.5 - missing functions: none
symbol engine: initialized successfully - sym options: 0x614 - pdb path: .;C:\Users\joaoo\.jdks\openjdk-21.0.1\bin;C:\WINDOWS\SYSTEM32;C:\WINDOWS\WinSxS\amd64_microsoft.windows.common-controls_6595b64144ccf1df_6.0.19041.3636_none_60b6a03d71f818d5;C:\Users\joaoo\.jdks\openjdk-21.0.1\bin\server;C:\Program Files\JetBrains\IntelliJ IDEA 2023.2.2\bin;C:\WINDOWS\WinSxS\amd64_microsoft.windows.gdiplus_6595b64144ccf1df_1.1.19041.3636_none_91a19322cc8a92a3

VM Arguments:
jvm_args: -javaagent:C:\Program Files\JetBrains\IntelliJ IDEA 2023.2.2\lib\idea_rt.jar=63298:C:\Program Files\JetBrains\IntelliJ IDEA 2023.2.2\bin -Dfile.encoding=UTF-8 -Dsun.stdout.encoding=UTF-8 -Dsun.stderr.encoding=UTF-8 
java_command: App
java_class_path (initial): C:\Users\joaoo\IdeaProjects\ProjetoSI\ProtectedApp\out\production\ProtectedApp;C:\Users\joaoo\IdeaProjects\ProjetoSI\ExecutionController\out\artifacts\ExecutionController_jar\ExecutionController.jar;C:\Users\joaoo\.m2\repository\org\bouncycastle\bcmail-jdk15on\1.70\bcmail-jdk15on-1.70.jar;C:\Users\joaoo\.m2\repository\org\bouncycastle\bcprov-jdk15on\1.70\bcprov-jdk15on-1.70.jar;C:\Users\joaoo\.m2\repository\org\bouncycastle\bcutil-jdk15on\1.70\bcutil-jdk15on-1.70.jar;C:\Users\joaoo\.m2\repository\org\bouncycastle\bcpkix-jdk15on\1.70\bcpkix-jdk15on-1.70.jar;C:\Program Files\Portugal Identity Card\sdk\Java\pteidlibj.jar;C:\Users\joaoo\.m2\repository\org\json\json\20231013\json-20231013.jar
Launcher Type: SUN_STANDARD

[Global flags]
     intx CICompilerCount                          = 3                                         {product} {ergonomic}
     uint ConcGCThreads                            = 1                                         {product} {ergonomic}
     uint G1ConcRefinementThreads                  = 4                                         {product} {ergonomic}
   size_t G1HeapRegionSize                         = 1048576                                   {product} {ergonomic}
    uintx GCDrainStackTargetSize                   = 64                                        {product} {ergonomic}
   size_t InitialHeapSize                          = 130023424                                 {product} {ergonomic}
   size_t MarkStackSize                            = 4194304                                   {product} {ergonomic}
   size_t MaxHeapSize                              = 2055208960                                {product} {ergonomic}
   size_t MaxNewSize                               = 1233125376                                {product} {ergonomic}
   size_t MinHeapDeltaBytes                        = 1048576                                   {product} {ergonomic}
   size_t MinHeapSize                              = 8388608                                   {product} {ergonomic}
    uintx NonNMethodCodeHeapSize                   = 5832780                                {pd product} {ergonomic}
    uintx NonProfiledCodeHeapSize                  = 122912730                              {pd product} {ergonomic}
    uintx ProfiledCodeHeapSize                     = 122912730                              {pd product} {ergonomic}
    uintx ReservedCodeCacheSize                    = 251658240                              {pd product} {ergonomic}
     bool SegmentedCodeCache                       = true                                      {product} {ergonomic}
   size_t SoftMaxHeapSize                          = 2055208960                             {manageable} {ergonomic}
     bool UseCompressedOops                        = true                           {product lp64_product} {ergonomic}
     bool UseG1GC                                  = true                                      {product} {ergonomic}
     bool UseLargePagesIndividualAllocation        = false                                  {pd product} {ergonomic}

Logging:
Log output configuration:
 #0: stdout all=off uptime,level,tags foldmultilines=false
 #1: stderr all=off uptime,level,tags foldmultilines=false

Environment Variables:
PATH=C:\WINDOWS\system32;C:\WINDOWS;C:\WINDOWS\System32\Wbem;C:\WINDOWS\System32\WindowsPowerShell\v1.0\;C:\WINDOWS\System32\OpenSSH\;C:\Program Files\Git\cmd;C:\Program Files\nodejs\;C:\ProgramData\chocolatey\bin;C:\xampp\php;C:\Program Files\Docker\Docker\resources\bin;C:\ProgramData\ComposerSetup\bin;C:\Program Files\Portugal Identity Card\;C:\Users\joaoo\AppData\Local\Microsoft\WindowsApps;C:\Users\joaoo\AppData\Local\Programs\Microsoft VS Code\bin;C:\Users\joaoo\AppData\Local\Programs\oh-my-posh\bin;C:\Users\joaoo\AppData\Roaming\npm;C:\Program Files\Neovim\bin;C:\Users\joaoo\AppData\Roaming\Composer\vendor\bin;C:\MinGW\bin;;C:\Program Files\JetBrains\IntelliJ IDEA 2023.2.2\bin;
USERNAME=joaoo
OS=Windows_NT
PROCESSOR_IDENTIFIER=Intel64 Family 6 Model 140 Stepping 1, GenuineIntel
TMP=C:\Users\joaoo\AppData\Local\Temp
TEMP=C:\Users\joaoo\AppData\Local\Temp




Periodic native trim disabled

---------------  S Y S T E M  ---------------

OS:
 Windows 10 , 64 bit Build 19041 (10.0.19041.3636)
OS uptime: 8 days 16:29 hours
Hyper-V role detected

CPU: total 4 (initial active 4) (2 cores per cpu, 2 threads per core) family 6 model 140 stepping 1 microcode 0x8a, cx8, cmov, fxsr, ht, mmx, 3dnowpref, sse, sse2, sse3, ssse3, sse4.1, sse4.2, popcnt, lzcnt, tsc, tscinvbit, avx, avx2, aes, erms, clmul, bmi1, bmi2, adx, avx512f, avx512dq, avx512cd, avx512bw, avx512vl, sha, fma, vzeroupper, avx512_vpopcntdq, avx512_vpclmulqdq, avx512_vaes, avx512_vnni, clflush, clflushopt, clwb, avx512_vbmi2, avx512_vbmi, hv, rdtscp, rdpid, fsrm, gfni, avx512_bitalg, f16c, cet_ibt, cet_ss, avx512_ifma
Processor Information for processor 0
  Max Mhz: 2995, Current Mhz: 2995, Mhz Limit: 2995
Processor Information for processor 1
  Max Mhz: 2995, Current Mhz: 2995, Mhz Limit: 2995
Processor Information for processor 2
  Max Mhz: 2995, Current Mhz: 2995, Mhz Limit: 2995
Processor Information for processor 3
  Max Mhz: 2995, Current Mhz: 1497, Mhz Limit: 2995

Memory: 4k page, system-wide physical 7834M (1736M free)
TotalPageFile size 14234M (AvailPageFile size 3602M)
current process WorkingSet (physical memory assigned to process): 74M, peak: 80M
current process commit charge ("private bytes"): 206M, peak: 215M

vm_info: OpenJDK 64-Bit Server VM (21.0.1+12-29) for windows-amd64 JRE (21.0.1+12-29), built on 2023-10-05T13:27:09Z by "mach5one" with MS VC++ 17.1 (VS2022)

END.
